# JRE version: OpenJDK Runtime Environment (8.0_152-b08) (build 1.8.0_152-release-915-b08)
# Java VM: OpenJDK 64-Bit Server VM (25.152-b08 mixed mode bsd-amd64 compressed oops)
Heap:
 PSYoungGen      total 139776K, used 21706K [0x0000000795580000, 0x000000079e480000, 0x00000007c0000000)
  eden space 133120K, 13% used [0x0000000795580000,0x000000079676b7f0,0x000000079d780000)
  from space 6656K, 50% used [0x000000079de00000,0x000000079e147300,0x000000079e480000)
  to   space 6656K, 0% used [0x000000079d780000,0x000000079d780000,0x000000079de00000)
 ParOldGen       total 87552K, used 4364K [0x0000000740000000, 0x0000000745580000, 0x0000000795580000)
  object space 87552K, 4% used [0x0000000740000000,0x0000000740443090,0x0000000745580000)
 Metaspace       used 20314K, capacity 20666K, committed 20864K, reserved 1067008K
  class space    used 2994K, capacity 3123K, committed 3200K, reserved 1048576K
GC Heap History (10 events):
Event: 9.167 GC heap before
{Heap before GC invocations=4 (full 0):
 PSYoungGen      total 38400K, used 38275K [0x0000000795580000, 0x0000000798000000, 0x00000007c0000000)
  eden space 33280K, 100% used [0x0000000795580000,0x0000000797600000,0x0000000797600000)
  from space 5120K, 97% used [0x0000000797600000,0x0000000797ae0e10,0x0000000797b00000)
  to   space 5120K, 0% used [0x0000000797b00000,0x0000000797b00000,0x0000000798000000)
 ParOldGen       total 87552K, used 32K [0x0000000740000000, 0x0000000745580000, 0x0000000795580000)
  object space 87552K, 0% used [0x0000000740000000,0x0000000740008000,0x0000000745580000)
 Metaspace       used 12206K, capacity 12442K, committed 12800K, reserved 1060864K
  class space    used 1576K, capacity 1667K, committed 1792K, reserved 1048576K
Event: 9.175 GC heap after
Heap after GC invocations=4 (full 0):
 PSYoungGen      total 38400K, used 5099K [0x0000000795580000, 0x000000079a080000, 0x00000007c0000000)
  eden space 33280K, 0% used [0x0000000795580000,0x0000000795580000,0x0000000797600000)
  from space 5120K, 99% used [0x0000000797b00000,0x0000000797ffac80,0x0000000798000000)
  to   space 5120K, 0% used [0x0000000797600000,0x0000000797600000,0x0000000797b00000)
 ParOldGen       total 87552K, used 169K [0x0000000740000000, 0x0000000745580000, 0x0000000795580000)
  object space 87552K, 0% used [0x0000000740000000,0x000000074002a5b0,0x0000000745580000)
 Metaspace       used 12206K, capacity 12442K, committed 12800K, reserved 1060864K
  class space    used 1576K, capacity 1667K, committed 1792K, reserved 1048576K
}
Event: 9.414 GC heap before
{Heap before GC invocations=5 (full 0):
 PSYoungGen      total 38400K, used 38379K [0x0000000795580000, 0x000000079a080000, 0x00000007c0000000)
  eden space 33280K, 100% used [0x0000000795580000,0x0000000797600000,0x0000000797600000)
  from space 5120K, 99% used [0x0000000797b00000,0x0000000797ffac80,0x0000000798000000)
  to   space 5120K, 0% used [0x0000000797600000,0x0000000797600000,0x0000000797b00000)
 ParOldGen       total 87552K, used 169K [0x0000000740000000, 0x0000000745580000, 0x0000000795580000)
  object space 87552K, 0% used [0x0000000740000000,0x000000074002a5b0,0x0000000745580000)
 Metaspace       used 13600K, capacity 13818K, committed 14080K, reserved 1060864K
  class space    used 1887K, capacity 1955K, committed 2048K, reserved 1048576K
Event: 9.420 GC heap after
Heap after GC invocations=5 (full 0):
 PSYoungGen      total 38400K, used 5104K [0x0000000795580000, 0x000000079a280000, 0x00000007c0000000)
  eden space 33280K, 0% used [0x0000000795580000,0x0000000795580000,0x0000000797600000)
  from space 5120K, 99% used [0x0000000797600000,0x0000000797afc0c8,0x0000000797b00000)
  to   space 6144K, 0% used [0x0000000799c80000,0x0000000799c80000,0x000000079a280000)
 ParOldGen       total 87552K, used 565K [0x0000000740000000, 0x0000000745580000, 0x0000000795580000)
  object space 87552K, 0% used [0x0000000740000000,0x000000074008d640,0x0000000745580000)
 Metaspace       used 13600K, capacity 13818K, committed 14080K, reserved 1060864K
  class space    used 1887K, capacity 1955K, committed 2048K, reserved 1048576K
}
Event: 9.703 GC heap before
{Heap before GC invocations=6 (full 0):
 PSYoungGen      total 38400K, used 38384K [0x0000000795580000, 0x000000079a280000, 0x00000007c0000000)
  eden space 33280K, 100% used [0x0000000795580000,0x0000000797600000,0x0000000797600000)
  from space 5120K, 99% used [0x0000000797600000,0x0000000797afc0c8,0x0000000797b00000)
  to   space 6144K, 0% used [0x0000000799c80000,0x0000000799c80000,0x000000079a280000)
 ParOldGen       total 87552K, used 565K [0x0000000740000000, 0x0000000745580000, 0x0000000795580000)
  object space 87552K, 0% used [0x0000000740000000,0x000000074008d640,0x0000000745580000)
 Metaspace       used 14979K, capacity 15248K, committed 15360K, reserved 1062912K
  class space    used 2148K, capacity 2252K, committed 2304K, reserved 1048576K
Event: 9.721 GC heap after
Heap after GC invocations=6 (full 0):
 PSYoungGen      total 72704K, used 5702K [0x0000000795580000, 0x000000079a280000, 0x00000007c0000000)
  eden space 66560K, 0% used [0x0000000795580000,0x0000000795580000,0x0000000799680000)
  from space 6144K, 92% used [0x0000000799c80000,0x000000079a2119c0,0x000000079a280000)
  to   space 6144K, 0% used [0x0000000799680000,0x0000000799680000,0x0000000799c80000)
 ParOldGen       total 87552K, used 573K [0x0000000740000000, 0x0000000745580000, 0x0000000795580000)
  object space 87552K, 0% used [0x0000000740000000,0x000000074008f640,0x0000000745580000)
 Metaspace       used 14979K, capacity 15248K, committed 15360K, reserved 1062912K
  class space    used 2148K, capacity 2252K, committed 2304K, reserved 1048576K
}
Event: 10.561 GC heap before
{Heap before GC invocations=7 (full 0):
 PSYoungGen      total 72704K, used 72262K [0x0000000795580000, 0x000000079a280000, 0x00000007c0000000)
  eden space 66560K, 100% used [0x0000000795580000,0x0000000799680000,0x0000000799680000)
  from space 6144K, 92% used [0x0000000799c80000,0x000000079a2119c0,0x000000079a280000)
  to   space 6144K, 0% used [0x0000000799680000,0x0000000799680000,0x0000000799c80000)
 ParOldGen       total 87552K, used 573K [0x0000000740000000, 0x0000000745580000, 0x0000000795580000)
  object space 87552K, 0% used [0x0000000740000000,0x000000074008f640,0x0000000745580000)
 Metaspace       used 17397K, capacity 17664K, committed 17792K, reserved 1064960K
  class space    used 2532K, capacity 2628K, committed 2688K, reserved 1048576K
Event: 10.575 GC heap after
Heap after GC invocations=7 (full 0):
 PSYoungGen      total 72704K, used 3696K [0x0000000795580000, 0x000000079e480000, 0x00000007c0000000)
  eden space 66560K, 0% used [0x0000000795580000,0x0000000795580000,0x0000000799680000)
  from space 6144K, 60% used [0x0000000799680000,0x0000000799a1c010,0x0000000799c80000)
  to   space 6656K, 0% used [0x000000079de00000,0x000000079de00000,0x000000079e480000)
 ParOldGen       total 87552K, used 3796K [0x0000000740000000, 0x0000000745580000, 0x0000000795580000)
  object space 87552K, 4% used [0x0000000740000000,0x00000007403b5090,0x0000000745580000)
 Metaspace       used 17397K, capacity 17664K, committed 17792K, reserved 1064960K
  class space    used 2532K, capacity 2628K, committed 2688K, reserved 1048576K
}
Event: 11.293 GC heap before
{Heap before GC invocations=8 (full 0):
 PSYoungGen      total 72704K, used 70256K [0x0000000795580000, 0x000000079e480000, 0x00000007c0000000)
  eden space 66560K, 100% used [0x0000000795580000,0x0000000799680000,0x0000000799680000)
  from space 6144K, 60% used [0x0000000799680000,0x0000000799a1c010,0x0000000799c80000)
  to   space 6656K, 0% used [0x000000079de00000,0x000000079de00000,0x000000079e480000)
 ParOldGen       total 87552K, used 3796K [0x0000000740000000, 0x0000000745580000, 0x0000000795580000)
  object space 87552K, 4% used [0x0000000740000000,0x00000007403b5090,0x0000000745580000)
 Metaspace       used 19614K, capacity 19898K, committed 20224K, reserved 1067008K
  class space    used 2909K, capacity 2995K, committed 3072K, reserved 1048576K
Event: 11.303 GC heap after
Heap after GC invocations=8 (full 0):
 PSYoungGen      total 139776K, used 3356K [0x0000000795580000, 0x000000079e480000, 0x00000007c0000000)
  eden space 133120K, 0% used [0x0000000795580000,0x0000000795580000,0x000000079d780000)
  from space 6656K, 50% used [0x000000079de00000,0x000000079e147300,0x000000079e480000)
  to   space 6656K, 0% used [0x000000079d780000,0x000000079d780000,0x000000079de00000)
 ParOldGen       total 87552K, used 4364K [0x0000000740000000, 0x0000000745580000, 0x0000000795580000)
  object space 87552K, 4% used [0x0000000740000000,0x0000000740443090,0x0000000745580000)
 Metaspace       used 19614K, capacity 19898K, committed 20224K, reserved 1067008K
  class space    used 2909K, capacity 2995K, committed 3072K, reserved 1048576K
}

